<?xml version="1.0" encoding="UTF-8"?><testsuite errors="0" failures="2" name="Dummy Restapi End Point" skipped="0" tests="5" time="9.46" timestamp="2022-06-21T23:18:19.541+01:00[Europe/London]"><testcase name="I want to create a new employee"/><testcase name="I want to read a new employee"><failure message="1 expectation failed.&#10;Expected status code &lt;200&gt; but was &lt;429&gt;.&#10;" type="java.lang.AssertionError">1 expectation failed.
Expected status code &lt;200&gt; but was &lt;429&gt;.
</failure><system-err>1 expectation failed.
Expected status code &lt;200&gt; but was &lt;429&gt;.
&#13;
io.restassured.internal.ResponseSpecificationImpl.validateResponseIfRequired(ResponseSpecificationImpl.groovy:636)&#13;
io.restassured.internal.ResponseSpecificationImpl.statusCode(ResponseSpecificationImpl.groovy:122)&#13;
io.restassured.internal.ResponseSpecificationImpl.statusCode(ResponseSpecificationImpl.groovy:130)&#13;
io.restassured.internal.ValidatableResponseOptionsImpl.statusCode(ValidatableResponseOptionsImpl.java:117)&#13;
com.restapiexample.dummy.steps.DummyStep.iVerifyIfANewEmployeeCreated(DummyStep.java:49)&#13;
✽.And I verify if a new employee created(dummy.feature:14)&#13;
</system-err></testcase><testcase name="I want to update a newly created employee"><failure message="1 expectation failed.&#10;Expected status code &lt;200&gt; but was &lt;429&gt;.&#10;" type="java.lang.AssertionError">1 expectation failed.
Expected status code &lt;200&gt; but was &lt;429&gt;.
</failure><system-err>1 expectation failed.
Expected status code &lt;200&gt; but was &lt;429&gt;.
&#13;
io.restassured.internal.ResponseSpecificationImpl.validateResponseIfRequired(ResponseSpecificationImpl.groovy:636)&#13;
io.restassured.internal.ResponseSpecificationImpl.statusCode(ResponseSpecificationImpl.groovy:122)&#13;
io.restassured.internal.ResponseSpecificationImpl.statusCode(ResponseSpecificationImpl.groovy:130)&#13;
io.restassured.internal.ValidatableResponseOptionsImpl.statusCode(ValidatableResponseOptionsImpl.java:117)&#13;
com.restapiexample.dummy.steps.DummyStep.iGetStatusCode(DummyStep.java:42)&#13;
✽.Then I get status code 200(dummy.feature:19)&#13;
</system-err></testcase><testcase name="I want to delete a newly created employee"/><testcase name="I want to fetch all employees and verify some from the response"/></testsuite>